[2023-12-11 19:55:19] local.ERROR: Route [login] not defined. {"exception":"[object] (Symfony\\Component\\Routing\\Exception\\RouteNotFoundException(code: 0): Route [login] not defined. at D:\\Praktikum\\Pemrograman Web\\Latihan\\Modul 6\\praktikum-laravel\\vendor\\laravel\\framework\\src\\Illuminate\\Routing\\UrlGenerator.php:479)
[stacktrace]
#0 D:\\Praktikum\\Pemrograman Web\\Latihan\\Modul 6\\praktikum-laravel\\vendor\\laravel\\framework\\src\\Illuminate\\Foundation\\helpers.php(811): Illuminate\\Routing\\UrlGenerator->route('login', Array, true)
#1 D:\\Praktikum\\Pemrograman Web\\Latihan\\Modul 6\\praktikum-laravel\\app\\Http\\Middleware\\Authenticate.php(15): route('login')
#2 D:\\Praktikum\\Pemrograman Web\\Latihan\\Modul 6\\praktikum-laravel\\vendor\\laravel\\framework\\src\\Illuminate\\Auth\\Middleware\\Authenticate.php(96): App\\Http\\Middleware\\Authenticate->redirectTo(Object(Illuminate\\Http\\Request))
#3 D:\\Praktikum\\Pemrograman Web\\Latihan\\Modul 6\\praktikum-laravel\\vendor\\laravel\\framework\\src\\Illuminate\\Auth\\Middleware\\Authenticate.php(81): Illuminate\\Auth\\Middleware\\Authenticate->unauthenticated(Object(Illuminate\\Http\\Request), Array)
#4 D:\\Praktikum\\Pemrograman Web\\Latihan\\Modul 6\\praktikum-laravel\\vendor\\laravel\\framework\\src\\Illuminate\\Auth\\Middleware\\Authenticate.php(55): Illuminate\\Auth\\Middleware\\Authenticate->authenticate(Object(Illuminate\\Http\\Request), Array)
#5 D:\\Praktikum\\Pemrograman Web\\Latihan\\Modul 6\\praktikum-laravel\\vendor\\laravel\\framework\\src\\Illuminate\\Pipeline\\Pipeline.php(180): Illuminate\\Auth\\Middleware\\Authenticate->handle(Object(Illuminate\\Http\\Request), Object(Closure))
#6 D:\\Praktikum\\Pemrograman Web\\Latihan\\Modul 6\\praktikum-laravel\\vendor\\laravel\\framework\\src\\Illuminate\\Pipeline\\Pipeline.php(116): Illuminate\\Pipeline\\Pipeline->Illuminate\\Pipeline\\{closure}(Object(Illuminate\\Http\\Request))
#7 D:\\Praktikum\\Pemrograman Web\\Latihan\\Modul 6\\praktikum-laravel\\vendor\\laravel\\framework\\src\\Illuminate\\Routing\\Router.php(805): Illuminate\\Pipeline\\Pipeline->then(Object(Closure))
#8 D:\\Praktikum\\Pemrograman Web\\Latihan\\Modul 6\\praktikum-laravel\\vendor\\laravel\\framework\\src\\Illuminate\\Routing\\Router.php(784): Illuminate\\Routing\\Router->runRouteWithinStack(Object(Illuminate\\Routing\\Route), Object(Illuminate\\Http\\Request))
#9 D:\\Praktikum\\Pemrograman Web\\Latihan\\Modul 6\\praktikum-laravel\\vendor\\laravel\\framework\\src\\Illuminate\\Routing\\Router.php(748): Illuminate\\Routing\\Router->runRoute(Object(Illuminate\\Http\\Request), Object(Illuminate\\Routing\\Route))
#10 D:\\Praktikum\\Pemrograman Web\\Latihan\\Modul 6\\praktikum-laravel\\vendor\\laravel\\framework\\src\\Illuminate\\Routing\\Router.php(737): Illuminate\\Routing\\Router->dispatchToRoute(Object(Illuminate\\Http\\Request))
#11 D:\\Praktikum\\Pemrograman Web\\Latihan\\Modul 6\\praktikum-laravel\\vendor\\laravel\\framework\\src\\Illuminate\\Foundation\\Http\\Kernel.php(200): Illuminate\\Routing\\Router->dispatch(Object(Illuminate\\Http\\Request))
#12 D:\\Praktikum\\Pemrograman Web\\Latihan\\Modul 6\\praktikum-laravel\\vendor\\laravel\\framework\\src\\Illuminate\\Pipeline\\Pipeline.php(141): Illuminate\\Foundation\\Http\\Kernel->Illuminate\\Foundation\\Http\\{closure}(Object(Illuminate\\Http\\Request))
#13 D:\\Praktikum\\Pemrograman Web\\Latihan\\Modul 6\\praktikum-laravel\\vendor\\laravel\\framework\\src\\Illuminate\\Foundation\\Http\\Middleware\\TransformsRequest.php(21): Illuminate\\Pipeline\\Pipeline->Illuminate\\Pipeline\\{closure}(Object(Illuminate\\Http\\Request))
#14 D:\\Praktikum\\Pemrograman Web\\Latihan\\Modul 6\\praktikum-laravel\\vendor\\laravel\\framework\\src\\Illuminate\\Foundation\\Http\\Middleware\\ConvertEmptyStringsToNull.php(31): Illuminate\\Foundation\\Http\\Middleware\\TransformsRequest->handle(Object(Illuminate\\Http\\Request), Object(Closure))
#15 D:\\Praktikum\\Pemrograman Web\\Latihan\\Modul 6\\praktikum-laravel\\vendor\\laravel\\framework\\src\\Illuminate\\Pipeline\\Pipeline.php(180): Illuminate\\Foundation\\Http\\Middleware\\ConvertEmptyStringsToNull->handle(Object(Illuminate\\Http\\Request), Object(Closure))
#16 D:\\Praktikum\\Pemrograman Web\\Latihan\\Modul 6\\praktikum-laravel\\vendor\\laravel\\framework\\src\\Illuminate\\Foundation\\Http\\Middleware\\TransformsRequest.php(21): Illuminate\\Pipeline\\Pipeline->Illuminate\\Pipeline\\{closure}(Object(Illuminate\\Http\\Request))
#17 D:\\Praktikum\\Pemrograman Web\\Latihan\\Modul 6\\praktikum-laravel\\vendor\\laravel\\framework\\src\\Illuminate\\Foundation\\Http\\Middleware\\TrimStrings.php(40): Illuminate\\Foundation\\Http\\Middleware\\TransformsRequest->handle(Object(Illuminate\\Http\\Request), Object(Closure))
#18 D:\\Praktikum\\Pemrograman Web\\Latihan\\Modul 6\\praktikum-laravel\\vendor\\laravel\\framework\\src\\Illuminate\\Pipeline\\Pipeline.php(180): Illuminate\\Foundation\\Http\\Middleware\\TrimStrings->handle(Object(Illuminate\\Http\\Request), Object(Closure))
#19 D:\\Praktikum\\Pemrograman Web\\Latihan\\Modul 6\\praktikum-laravel\\vendor\\laravel\\framework\\src\\Illuminate\\Foundation\\Http\\Middleware\\ValidatePostSize.php(27): Illuminate\\Pipeline\\Pipeline->Illuminate\\Pipeline\\{closure}(Object(Illuminate\\Http\\Request))
#20 D:\\Praktikum\\Pemrograman Web\\Latihan\\Modul 6\\praktikum-laravel\\vendor\\laravel\\framework\\src\\Illuminate\\Pipeline\\Pipeline.php(180): Illuminate\\Foundation\\Http\\Middleware\\ValidatePostSize->handle(Object(Illuminate\\Http\\Request), Object(Closure))
#21 D:\\Praktikum\\Pemrograman Web\\Latihan\\Modul 6\\praktikum-laravel\\vendor\\laravel\\framework\\src\\Illuminate\\Foundation\\Http\\Middleware\\PreventRequestsDuringMaintenance.php(99): Illuminate\\Pipeline\\Pipeline->Illuminate\\Pipeline\\{closure}(Object(Illuminate\\Http\\Request))
#22 D:\\Praktikum\\Pemrograman Web\\Latihan\\Modul 6\\praktikum-laravel\\vendor\\laravel\\framework\\src\\Illuminate\\Pipeline\\Pipeline.php(180): Illuminate\\Foundation\\Http\\Middleware\\PreventRequestsDuringMaintenance->handle(Object(Illuminate\\Http\\Request), Object(Closure))
#23 D:\\Praktikum\\Pemrograman Web\\Latihan\\Modul 6\\praktikum-laravel\\vendor\\laravel\\framework\\src\\Illuminate\\Http\\Middleware\\HandleCors.php(62): Illuminate\\Pipeline\\Pipeline->Illuminate\\Pipeline\\{closure}(Object(Illuminate\\Http\\Request))
#24 D:\\Praktikum\\Pemrograman Web\\Latihan\\Modul 6\\praktikum-laravel\\vendor\\laravel\\framework\\src\\Illuminate\\Pipeline\\Pipeline.php(180): Illuminate\\Http\\Middleware\\HandleCors->handle(Object(Illuminate\\Http\\Request), Object(Closure))
#25 D:\\Praktikum\\Pemrograman Web\\Latihan\\Modul 6\\praktikum-laravel\\vendor\\laravel\\framework\\src\\Illuminate\\Http\\Middleware\\TrustProxies.php(39): Illuminate\\Pipeline\\Pipeline->Illuminate\\Pipeline\\{closure}(Object(Illuminate\\Http\\Request))
#26 D:\\Praktikum\\Pemrograman Web\\Latihan\\Modul 6\\praktikum-laravel\\vendor\\laravel\\framework\\src\\Illuminate\\Pipeline\\Pipeline.php(180): Illuminate\\Http\\Middleware\\TrustProxies->handle(Object(Illuminate\\Http\\Request), Object(Closure))
#27 D:\\Praktikum\\Pemrograman Web\\Latihan\\Modul 6\\praktikum-laravel\\vendor\\laravel\\framework\\src\\Illuminate\\Pipeline\\Pipeline.php(116): Illuminate\\Pipeline\\Pipeline->Illuminate\\Pipeline\\{closure}(Object(Illuminate\\Http\\Request))
#28 D:\\Praktikum\\Pemrograman Web\\Latihan\\Modul 6\\praktikum-laravel\\vendor\\laravel\\framework\\src\\Illuminate\\Foundation\\Http\\Kernel.php(175): Illuminate\\Pipeline\\Pipeline->then(Object(Closure))
#29 D:\\Praktikum\\Pemrograman Web\\Latihan\\Modul 6\\praktikum-laravel\\vendor\\laravel\\framework\\src\\Illuminate\\Foundation\\Http\\Kernel.php(144): Illuminate\\Foundation\\Http\\Kernel->sendRequestThroughRouter(Object(Illuminate\\Http\\Request))
#30 D:\\Praktikum\\Pemrograman Web\\Latihan\\Modul 6\\praktikum-laravel\\public\\index.php(51): Illuminate\\Foundation\\Http\\Kernel->handle(Object(Illuminate\\Http\\Request))
#31 D:\\Praktikum\\Pemrograman Web\\Latihan\\Modul 6\\praktikum-laravel\\vendor\\laravel\\framework\\src\\Illuminate\\Foundation\\resources\\server.php(16): require_once('D:\\\\Praktikum\\\\Pe...')
#32 {main}
"} 
[2023-12-11 20:11:01] local.ERROR: Auth guard [api] is not defined. {"exception":"[object] (InvalidArgumentException(code: 0): Auth guard [api] is not defined. at D:\\Praktikum\\Pemrograman Web\\Latihan\\Modul 6\\praktikum-laravel\\vendor\\laravel\\framework\\src\\Illuminate\\Auth\\AuthManager.php:86)
[stacktrace]
#0 D:\\Praktikum\\Pemrograman Web\\Latihan\\Modul 6\\praktikum-laravel\\vendor\\laravel\\framework\\src\\Illuminate\\Auth\\AuthManager.php(70): Illuminate\\Auth\\AuthManager->resolve('api')
#1 D:\\Praktikum\\Pemrograman Web\\Latihan\\Modul 6\\praktikum-laravel\\vendor\\laravel\\framework\\src\\Illuminate\\Auth\\Middleware\\Authenticate.php(76): Illuminate\\Auth\\AuthManager->guard('api')
#2 D:\\Praktikum\\Pemrograman Web\\Latihan\\Modul 6\\praktikum-laravel\\vendor\\laravel\\framework\\src\\Illuminate\\Auth\\Middleware\\Authenticate.php(55): Illuminate\\Auth\\Middleware\\Authenticate->authenticate(Object(Illuminate\\Http\\Request), Array)
#3 D:\\Praktikum\\Pemrograman Web\\Latihan\\Modul 6\\praktikum-laravel\\vendor\\laravel\\framework\\src\\Illuminate\\Pipeline\\Pipeline.php(180): Illuminate\\Auth\\Middleware\\Authenticate->handle(Object(Illuminate\\Http\\Request), Object(Closure), 'api')
#4 D:\\Praktikum\\Pemrograman Web\\Latihan\\Modul 6\\praktikum-laravel\\vendor\\laravel\\framework\\src\\Illuminate\\Pipeline\\Pipeline.php(116): Illuminate\\Pipeline\\Pipeline->Illuminate\\Pipeline\\{closure}(Object(Illuminate\\Http\\Request))
#5 D:\\Praktikum\\Pemrograman Web\\Latihan\\Modul 6\\praktikum-laravel\\vendor\\laravel\\framework\\src\\Illuminate\\Routing\\Router.php(805): Illuminate\\Pipeline\\Pipeline->then(Object(Closure))
#6 D:\\Praktikum\\Pemrograman Web\\Latihan\\Modul 6\\praktikum-laravel\\vendor\\laravel\\framework\\src\\Illuminate\\Routing\\Router.php(784): Illuminate\\Routing\\Router->runRouteWithinStack(Object(Illuminate\\Routing\\Route), Object(Illuminate\\Http\\Request))
#7 D:\\Praktikum\\Pemrograman Web\\Latihan\\Modul 6\\praktikum-laravel\\vendor\\laravel\\framework\\src\\Illuminate\\Routing\\Router.php(748): Illuminate\\Routing\\Router->runRoute(Object(Illuminate\\Http\\Request), Object(Illuminate\\Routing\\Route))
#8 D:\\Praktikum\\Pemrograman Web\\Latihan\\Modul 6\\praktikum-laravel\\vendor\\laravel\\framework\\src\\Illuminate\\Routing\\Router.php(737): Illuminate\\Routing\\Router->dispatchToRoute(Object(Illuminate\\Http\\Request))
#9 D:\\Praktikum\\Pemrograman Web\\Latihan\\Modul 6\\praktikum-laravel\\vendor\\laravel\\framework\\src\\Illuminate\\Foundation\\Http\\Kernel.php(200): Illuminate\\Routing\\Router->dispatch(Object(Illuminate\\Http\\Request))
#10 D:\\Praktikum\\Pemrograman Web\\Latihan\\Modul 6\\praktikum-laravel\\vendor\\laravel\\framework\\src\\Illuminate\\Pipeline\\Pipeline.php(141): Illuminate\\Foundation\\Http\\Kernel->Illuminate\\Foundation\\Http\\{closure}(Object(Illuminate\\Http\\Request))
#11 D:\\Praktikum\\Pemrograman Web\\Latihan\\Modul 6\\praktikum-laravel\\vendor\\laravel\\framework\\src\\Illuminate\\Foundation\\Http\\Middleware\\TransformsRequest.php(21): Illuminate\\Pipeline\\Pipeline->Illuminate\\Pipeline\\{closure}(Object(Illuminate\\Http\\Request))
#12 D:\\Praktikum\\Pemrograman Web\\Latihan\\Modul 6\\praktikum-laravel\\vendor\\laravel\\framework\\src\\Illuminate\\Foundation\\Http\\Middleware\\ConvertEmptyStringsToNull.php(31): Illuminate\\Foundation\\Http\\Middleware\\TransformsRequest->handle(Object(Illuminate\\Http\\Request), Object(Closure))
#13 D:\\Praktikum\\Pemrograman Web\\Latihan\\Modul 6\\praktikum-laravel\\vendor\\laravel\\framework\\src\\Illuminate\\Pipeline\\Pipeline.php(180): Illuminate\\Foundation\\Http\\Middleware\\ConvertEmptyStringsToNull->handle(Object(Illuminate\\Http\\Request), Object(Closure))
#14 D:\\Praktikum\\Pemrograman Web\\Latihan\\Modul 6\\praktikum-laravel\\vendor\\laravel\\framework\\src\\Illuminate\\Foundation\\Http\\Middleware\\TransformsRequest.php(21): Illuminate\\Pipeline\\Pipeline->Illuminate\\Pipeline\\{closure}(Object(Illuminate\\Http\\Request))
#15 D:\\Praktikum\\Pemrograman Web\\Latihan\\Modul 6\\praktikum-laravel\\vendor\\laravel\\framework\\src\\Illuminate\\Foundation\\Http\\Middleware\\TrimStrings.php(40): Illuminate\\Foundation\\Http\\Middleware\\TransformsRequest->handle(Object(Illuminate\\Http\\Request), Object(Closure))
#16 D:\\Praktikum\\Pemrograman Web\\Latihan\\Modul 6\\praktikum-laravel\\vendor\\laravel\\framework\\src\\Illuminate\\Pipeline\\Pipeline.php(180): Illuminate\\Foundation\\Http\\Middleware\\TrimStrings->handle(Object(Illuminate\\Http\\Request), Object(Closure))
#17 D:\\Praktikum\\Pemrograman Web\\Latihan\\Modul 6\\praktikum-laravel\\vendor\\laravel\\framework\\src\\Illuminate\\Foundation\\Http\\Middleware\\ValidatePostSize.php(27): Illuminate\\Pipeline\\Pipeline->Illuminate\\Pipeline\\{closure}(Object(Illuminate\\Http\\Request))
#18 D:\\Praktikum\\Pemrograman Web\\Latihan\\Modul 6\\praktikum-laravel\\vendor\\laravel\\framework\\src\\Illuminate\\Pipeline\\Pipeline.php(180): Illuminate\\Foundation\\Http\\Middleware\\ValidatePostSize->handle(Object(Illuminate\\Http\\Request), Object(Closure))
#19 D:\\Praktikum\\Pemrograman Web\\Latihan\\Modul 6\\praktikum-laravel\\vendor\\laravel\\framework\\src\\Illuminate\\Foundation\\Http\\Middleware\\PreventRequestsDuringMaintenance.php(99): Illuminate\\Pipeline\\Pipeline->Illuminate\\Pipeline\\{closure}(Object(Illuminate\\Http\\Request))
#20 D:\\Praktikum\\Pemrograman Web\\Latihan\\Modul 6\\praktikum-laravel\\vendor\\laravel\\framework\\src\\Illuminate\\Pipeline\\Pipeline.php(180): Illuminate\\Foundation\\Http\\Middleware\\PreventRequestsDuringMaintenance->handle(Object(Illuminate\\Http\\Request), Object(Closure))
#21 D:\\Praktikum\\Pemrograman Web\\Latihan\\Modul 6\\praktikum-laravel\\vendor\\laravel\\framework\\src\\Illuminate\\Http\\Middleware\\HandleCors.php(62): Illuminate\\Pipeline\\Pipeline->Illuminate\\Pipeline\\{closure}(Object(Illuminate\\Http\\Request))
#22 D:\\Praktikum\\Pemrograman Web\\Latihan\\Modul 6\\praktikum-laravel\\vendor\\laravel\\framework\\src\\Illuminate\\Pipeline\\Pipeline.php(180): Illuminate\\Http\\Middleware\\HandleCors->handle(Object(Illuminate\\Http\\Request), Object(Closure))
#23 D:\\Praktikum\\Pemrograman Web\\Latihan\\Modul 6\\praktikum-laravel\\vendor\\laravel\\framework\\src\\Illuminate\\Http\\Middleware\\TrustProxies.php(39): Illuminate\\Pipeline\\Pipeline->Illuminate\\Pipeline\\{closure}(Object(Illuminate\\Http\\Request))
#24 D:\\Praktikum\\Pemrograman Web\\Latihan\\Modul 6\\praktikum-laravel\\vendor\\laravel\\framework\\src\\Illuminate\\Pipeline\\Pipeline.php(180): Illuminate\\Http\\Middleware\\TrustProxies->handle(Object(Illuminate\\Http\\Request), Object(Closure))
#25 D:\\Praktikum\\Pemrograman Web\\Latihan\\Modul 6\\praktikum-laravel\\vendor\\laravel\\framework\\src\\Illuminate\\Pipeline\\Pipeline.php(116): Illuminate\\Pipeline\\Pipeline->Illuminate\\Pipeline\\{closure}(Object(Illuminate\\Http\\Request))
#26 D:\\Praktikum\\Pemrograman Web\\Latihan\\Modul 6\\praktikum-laravel\\vendor\\laravel\\framework\\src\\Illuminate\\Foundation\\Http\\Kernel.php(175): Illuminate\\Pipeline\\Pipeline->then(Object(Closure))
#27 D:\\Praktikum\\Pemrograman Web\\Latihan\\Modul 6\\praktikum-laravel\\vendor\\laravel\\framework\\src\\Illuminate\\Foundation\\Http\\Kernel.php(144): Illuminate\\Foundation\\Http\\Kernel->sendRequestThroughRouter(Object(Illuminate\\Http\\Request))
#28 D:\\Praktikum\\Pemrograman Web\\Latihan\\Modul 6\\praktikum-laravel\\public\\index.php(51): Illuminate\\Foundation\\Http\\Kernel->handle(Object(Illuminate\\Http\\Request))
#29 D:\\Praktikum\\Pemrograman Web\\Latihan\\Modul 6\\praktikum-laravel\\vendor\\laravel\\framework\\src\\Illuminate\\Foundation\\resources\\server.php(16): require_once('D:\\\\Praktikum\\\\Pe...')
#30 {main}
"} 
[2023-12-11 20:42:41] local.ERROR: Session store not set on request. {"exception":"[object] (RuntimeException(code: 0): Session store not set on request. at D:\\Praktikum\\Pemrograman Web\\Latihan\\Modul 6\\praktikum-laravel\\vendor\\laravel\\framework\\src\\Illuminate\\Http\\Request.php:560)
[stacktrace]
#0 D:\\Praktikum\\Pemrograman Web\\Latihan\\Modul 6\\praktikum-laravel\\vendor\\laravel\\framework\\src\\Illuminate\\Foundation\\Http\\Middleware\\VerifyCsrfToken.php(140): Illuminate\\Http\\Request->session()
#1 D:\\Praktikum\\Pemrograman Web\\Latihan\\Modul 6\\praktikum-laravel\\vendor\\laravel\\framework\\src\\Illuminate\\Foundation\\Http\\Middleware\\VerifyCsrfToken.php(76): Illuminate\\Foundation\\Http\\Middleware\\VerifyCsrfToken->tokensMatch(Object(Illuminate\\Http\\Request))
#2 D:\\Praktikum\\Pemrograman Web\\Latihan\\Modul 6\\praktikum-laravel\\vendor\\laravel\\framework\\src\\Illuminate\\Pipeline\\Pipeline.php(180): Illuminate\\Foundation\\Http\\Middleware\\VerifyCsrfToken->handle(Object(Illuminate\\Http\\Request), Object(Closure))
#3 D:\\Praktikum\\Pemrograman Web\\Latihan\\Modul 6\\praktikum-laravel\\vendor\\laravel\\framework\\src\\Illuminate\\Pipeline\\Pipeline.php(116): Illuminate\\Pipeline\\Pipeline->Illuminate\\Pipeline\\{closure}(Object(Illuminate\\Http\\Request))
#4 D:\\Praktikum\\Pemrograman Web\\Latihan\\Modul 6\\praktikum-laravel\\vendor\\laravel\\framework\\src\\Illuminate\\Foundation\\Http\\Kernel.php(175): Illuminate\\Pipeline\\Pipeline->then(Object(Closure))
#5 D:\\Praktikum\\Pemrograman Web\\Latihan\\Modul 6\\praktikum-laravel\\vendor\\laravel\\framework\\src\\Illuminate\\Foundation\\Http\\Kernel.php(144): Illuminate\\Foundation\\Http\\Kernel->sendRequestThroughRouter(Object(Illuminate\\Http\\Request))
#6 D:\\Praktikum\\Pemrograman Web\\Latihan\\Modul 6\\praktikum-laravel\\public\\index.php(51): Illuminate\\Foundation\\Http\\Kernel->handle(Object(Illuminate\\Http\\Request))
#7 D:\\Praktikum\\Pemrograman Web\\Latihan\\Modul 6\\praktikum-laravel\\vendor\\laravel\\framework\\src\\Illuminate\\Foundation\\resources\\server.php(16): require_once('D:\\\\Praktikum\\\\Pe...')
#8 {main}
"} 
[2023-12-11 20:50:54] local.ERROR: Session store not set on request. {"exception":"[object] (RuntimeException(code: 0): Session store not set on request. at D:\\Praktikum\\Pemrograman Web\\Latihan\\Modul 6\\praktikum-laravel\\vendor\\laravel\\framework\\src\\Illuminate\\Http\\Request.php:560)
[stacktrace]
#0 D:\\Praktikum\\Pemrograman Web\\Latihan\\Modul 6\\praktikum-laravel\\vendor\\laravel\\framework\\src\\Illuminate\\Foundation\\Http\\Middleware\\VerifyCsrfToken.php(140): Illuminate\\Http\\Request->session()
#1 D:\\Praktikum\\Pemrograman Web\\Latihan\\Modul 6\\praktikum-laravel\\vendor\\laravel\\framework\\src\\Illuminate\\Foundation\\Http\\Middleware\\VerifyCsrfToken.php(76): Illuminate\\Foundation\\Http\\Middleware\\VerifyCsrfToken->tokensMatch(Object(Illuminate\\Http\\Request))
#2 D:\\Praktikum\\Pemrograman Web\\Latihan\\Modul 6\\praktikum-laravel\\vendor\\laravel\\framework\\src\\Illuminate\\Pipeline\\Pipeline.php(180): Illuminate\\Foundation\\Http\\Middleware\\VerifyCsrfToken->handle(Object(Illuminate\\Http\\Request), Object(Closure))
#3 D:\\Praktikum\\Pemrograman Web\\Latihan\\Modul 6\\praktikum-laravel\\vendor\\laravel\\framework\\src\\Illuminate\\Pipeline\\Pipeline.php(116): Illuminate\\Pipeline\\Pipeline->Illuminate\\Pipeline\\{closure}(Object(Illuminate\\Http\\Request))
#4 D:\\Praktikum\\Pemrograman Web\\Latihan\\Modul 6\\praktikum-laravel\\vendor\\laravel\\framework\\src\\Illuminate\\Foundation\\Http\\Kernel.php(175): Illuminate\\Pipeline\\Pipeline->then(Object(Closure))
#5 D:\\Praktikum\\Pemrograman Web\\Latihan\\Modul 6\\praktikum-laravel\\vendor\\laravel\\framework\\src\\Illuminate\\Foundation\\Http\\Kernel.php(144): Illuminate\\Foundation\\Http\\Kernel->sendRequestThroughRouter(Object(Illuminate\\Http\\Request))
#6 D:\\Praktikum\\Pemrograman Web\\Latihan\\Modul 6\\praktikum-laravel\\public\\index.php(51): Illuminate\\Foundation\\Http\\Kernel->handle(Object(Illuminate\\Http\\Request))
#7 D:\\Praktikum\\Pemrograman Web\\Latihan\\Modul 6\\praktikum-laravel\\vendor\\laravel\\framework\\src\\Illuminate\\Foundation\\resources\\server.php(16): require_once('D:\\\\Praktikum\\\\Pe...')
#8 {main}
"} 
[2023-12-11 20:54:05] local.ERROR: Auth guard [api] is not defined. {"exception":"[object] (InvalidArgumentException(code: 0): Auth guard [api] is not defined. at D:\\Praktikum\\Pemrograman Web\\Latihan\\Modul 6\\praktikum-laravel\\vendor\\laravel\\framework\\src\\Illuminate\\Auth\\AuthManager.php:86)
[stacktrace]
#0 D:\\Praktikum\\Pemrograman Web\\Latihan\\Modul 6\\praktikum-laravel\\vendor\\laravel\\framework\\src\\Illuminate\\Auth\\AuthManager.php(70): Illuminate\\Auth\\AuthManager->resolve('api')
#1 D:\\Praktikum\\Pemrograman Web\\Latihan\\Modul 6\\praktikum-laravel\\vendor\\laravel\\framework\\src\\Illuminate\\Auth\\Middleware\\Authenticate.php(76): Illuminate\\Auth\\AuthManager->guard('api')
#2 D:\\Praktikum\\Pemrograman Web\\Latihan\\Modul 6\\praktikum-laravel\\vendor\\laravel\\framework\\src\\Illuminate\\Auth\\Middleware\\Authenticate.php(55): Illuminate\\Auth\\Middleware\\Authenticate->authenticate(Object(Illuminate\\Http\\Request), Array)
#3 D:\\Praktikum\\Pemrograman Web\\Latihan\\Modul 6\\praktikum-laravel\\vendor\\laravel\\framework\\src\\Illuminate\\Pipeline\\Pipeline.php(180): Illuminate\\Auth\\Middleware\\Authenticate->handle(Object(Illuminate\\Http\\Request), Object(Closure), 'api')
#4 D:\\Praktikum\\Pemrograman Web\\Latihan\\Modul 6\\praktikum-laravel\\vendor\\laravel\\sanctum\\src\\Http\\Middleware\\EnsureFrontendRequestsAreStateful.php(25): Illuminate\\Pipeline\\Pipeline->Illuminate\\Pipeline\\{closure}(Object(Illuminate\\Http\\Request))
#5 D:\\Praktikum\\Pemrograman Web\\Latihan\\Modul 6\\praktikum-laravel\\vendor\\laravel\\framework\\src\\Illuminate\\Pipeline\\Pipeline.php(141): Laravel\\Sanctum\\Http\\Middleware\\EnsureFrontendRequestsAreStateful->Laravel\\Sanctum\\Http\\Middleware\\{closure}(Object(Illuminate\\Http\\Request))
#6 D:\\Praktikum\\Pemrograman Web\\Latihan\\Modul 6\\praktikum-laravel\\vendor\\laravel\\framework\\src\\Illuminate\\Pipeline\\Pipeline.php(116): Illuminate\\Pipeline\\Pipeline->Illuminate\\Pipeline\\{closure}(Object(Illuminate\\Http\\Request))
#7 D:\\Praktikum\\Pemrograman Web\\Latihan\\Modul 6\\praktikum-laravel\\vendor\\laravel\\sanctum\\src\\Http\\Middleware\\EnsureFrontendRequestsAreStateful.php(24): Illuminate\\Pipeline\\Pipeline->then(Object(Closure))
#8 D:\\Praktikum\\Pemrograman Web\\Latihan\\Modul 6\\praktikum-laravel\\vendor\\laravel\\framework\\src\\Illuminate\\Pipeline\\Pipeline.php(180): Laravel\\Sanctum\\Http\\Middleware\\EnsureFrontendRequestsAreStateful->handle(Object(Illuminate\\Http\\Request), Object(Closure))
#9 D:\\Praktikum\\Pemrograman Web\\Latihan\\Modul 6\\praktikum-laravel\\vendor\\laravel\\framework\\src\\Illuminate\\Foundation\\Http\\Middleware\\VerifyCsrfToken.php(78): Illuminate\\Pipeline\\Pipeline->Illuminate\\Pipeline\\{closure}(Object(Illuminate\\Http\\Request))
#10 D:\\Praktikum\\Pemrograman Web\\Latihan\\Modul 6\\praktikum-laravel\\vendor\\laravel\\framework\\src\\Illuminate\\Pipeline\\Pipeline.php(180): Illuminate\\Foundation\\Http\\Middleware\\VerifyCsrfToken->handle(Object(Illuminate\\Http\\Request), Object(Closure))
#11 D:\\Praktikum\\Pemrograman Web\\Latihan\\Modul 6\\praktikum-laravel\\vendor\\laravel\\framework\\src\\Illuminate\\Pipeline\\Pipeline.php(116): Illuminate\\Pipeline\\Pipeline->Illuminate\\Pipeline\\{closure}(Object(Illuminate\\Http\\Request))
#12 D:\\Praktikum\\Pemrograman Web\\Latihan\\Modul 6\\praktikum-laravel\\vendor\\laravel\\framework\\src\\Illuminate\\Routing\\Router.php(805): Illuminate\\Pipeline\\Pipeline->then(Object(Closure))
#13 D:\\Praktikum\\Pemrograman Web\\Latihan\\Modul 6\\praktikum-laravel\\vendor\\laravel\\framework\\src\\Illuminate\\Routing\\Router.php(784): Illuminate\\Routing\\Router->runRouteWithinStack(Object(Illuminate\\Routing\\Route), Object(Illuminate\\Http\\Request))
#14 D:\\Praktikum\\Pemrograman Web\\Latihan\\Modul 6\\praktikum-laravel\\vendor\\laravel\\framework\\src\\Illuminate\\Routing\\Router.php(748): Illuminate\\Routing\\Router->runRoute(Object(Illuminate\\Http\\Request), Object(Illuminate\\Routing\\Route))
#15 D:\\Praktikum\\Pemrograman Web\\Latihan\\Modul 6\\praktikum-laravel\\vendor\\laravel\\framework\\src\\Illuminate\\Routing\\Router.php(737): Illuminate\\Routing\\Router->dispatchToRoute(Object(Illuminate\\Http\\Request))
#16 D:\\Praktikum\\Pemrograman Web\\Latihan\\Modul 6\\praktikum-laravel\\vendor\\laravel\\framework\\src\\Illuminate\\Foundation\\Http\\Kernel.php(200): Illuminate\\Routing\\Router->dispatch(Object(Illuminate\\Http\\Request))
#17 D:\\Praktikum\\Pemrograman Web\\Latihan\\Modul 6\\praktikum-laravel\\vendor\\laravel\\framework\\src\\Illuminate\\Pipeline\\Pipeline.php(141): Illuminate\\Foundation\\Http\\Kernel->Illuminate\\Foundation\\Http\\{closure}(Object(Illuminate\\Http\\Request))
#18 D:\\Praktikum\\Pemrograman Web\\Latihan\\Modul 6\\praktikum-laravel\\vendor\\laravel\\framework\\src\\Illuminate\\Foundation\\Http\\Middleware\\TransformsRequest.php(21): Illuminate\\Pipeline\\Pipeline->Illuminate\\Pipeline\\{closure}(Object(Illuminate\\Http\\Request))
#19 D:\\Praktikum\\Pemrograman Web\\Latihan\\Modul 6\\praktikum-laravel\\vendor\\laravel\\framework\\src\\Illuminate\\Foundation\\Http\\Middleware\\ConvertEmptyStringsToNull.php(31): Illuminate\\Foundation\\Http\\Middleware\\TransformsRequest->handle(Object(Illuminate\\Http\\Request), Object(Closure))
#20 D:\\Praktikum\\Pemrograman Web\\Latihan\\Modul 6\\praktikum-laravel\\vendor\\laravel\\framework\\src\\Illuminate\\Pipeline\\Pipeline.php(180): Illuminate\\Foundation\\Http\\Middleware\\ConvertEmptyStringsToNull->handle(Object(Illuminate\\Http\\Request), Object(Closure))
#21 D:\\Praktikum\\Pemrograman Web\\Latihan\\Modul 6\\praktikum-laravel\\vendor\\laravel\\framework\\src\\Illuminate\\Foundation\\Http\\Middleware\\TransformsRequest.php(21): Illuminate\\Pipeline\\Pipeline->Illuminate\\Pipeline\\{closure}(Object(Illuminate\\Http\\Request))
#22 D:\\Praktikum\\Pemrograman Web\\Latihan\\Modul 6\\praktikum-laravel\\vendor\\laravel\\framework\\src\\Illuminate\\Foundation\\Http\\Middleware\\TrimStrings.php(40): Illuminate\\Foundation\\Http\\Middleware\\TransformsRequest->handle(Object(Illuminate\\Http\\Request), Object(Closure))
#23 D:\\Praktikum\\Pemrograman Web\\Latihan\\Modul 6\\praktikum-laravel\\vendor\\laravel\\framework\\src\\Illuminate\\Pipeline\\Pipeline.php(180): Illuminate\\Foundation\\Http\\Middleware\\TrimStrings->handle(Object(Illuminate\\Http\\Request), Object(Closure))
#24 D:\\Praktikum\\Pemrograman Web\\Latihan\\Modul 6\\praktikum-laravel\\vendor\\laravel\\framework\\src\\Illuminate\\Foundation\\Http\\Middleware\\ValidatePostSize.php(27): Illuminate\\Pipeline\\Pipeline->Illuminate\\Pipeline\\{closure}(Object(Illuminate\\Http\\Request))
#25 D:\\Praktikum\\Pemrograman Web\\Latihan\\Modul 6\\praktikum-laravel\\vendor\\laravel\\framework\\src\\Illuminate\\Pipeline\\Pipeline.php(180): Illuminate\\Foundation\\Http\\Middleware\\ValidatePostSize->handle(Object(Illuminate\\Http\\Request), Object(Closure))
#26 D:\\Praktikum\\Pemrograman Web\\Latihan\\Modul 6\\praktikum-laravel\\vendor\\laravel\\framework\\src\\Illuminate\\Foundation\\Http\\Middleware\\PreventRequestsDuringMaintenance.php(99): Illuminate\\Pipeline\\Pipeline->Illuminate\\Pipeline\\{closure}(Object(Illuminate\\Http\\Request))
#27 D:\\Praktikum\\Pemrograman Web\\Latihan\\Modul 6\\praktikum-laravel\\vendor\\laravel\\framework\\src\\Illuminate\\Pipeline\\Pipeline.php(180): Illuminate\\Foundation\\Http\\Middleware\\PreventRequestsDuringMaintenance->handle(Object(Illuminate\\Http\\Request), Object(Closure))
#28 D:\\Praktikum\\Pemrograman Web\\Latihan\\Modul 6\\praktikum-laravel\\vendor\\laravel\\framework\\src\\Illuminate\\Http\\Middleware\\HandleCors.php(62): Illuminate\\Pipeline\\Pipeline->Illuminate\\Pipeline\\{closure}(Object(Illuminate\\Http\\Request))
#29 D:\\Praktikum\\Pemrograman Web\\Latihan\\Modul 6\\praktikum-laravel\\vendor\\laravel\\framework\\src\\Illuminate\\Pipeline\\Pipeline.php(180): Illuminate\\Http\\Middleware\\HandleCors->handle(Object(Illuminate\\Http\\Request), Object(Closure))
#30 D:\\Praktikum\\Pemrograman Web\\Latihan\\Modul 6\\praktikum-laravel\\vendor\\laravel\\framework\\src\\Illuminate\\Http\\Middleware\\TrustProxies.php(39): Illuminate\\Pipeline\\Pipeline->Illuminate\\Pipeline\\{closure}(Object(Illuminate\\Http\\Request))
#31 D:\\Praktikum\\Pemrograman Web\\Latihan\\Modul 6\\praktikum-laravel\\vendor\\laravel\\framework\\src\\Illuminate\\Pipeline\\Pipeline.php(180): Illuminate\\Http\\Middleware\\TrustProxies->handle(Object(Illuminate\\Http\\Request), Object(Closure))
#32 D:\\Praktikum\\Pemrograman Web\\Latihan\\Modul 6\\praktikum-laravel\\vendor\\laravel\\framework\\src\\Illuminate\\Http\\Middleware\\TrustHosts.php(48): Illuminate\\Pipeline\\Pipeline->Illuminate\\Pipeline\\{closure}(Object(Illuminate\\Http\\Request))
#33 D:\\Praktikum\\Pemrograman Web\\Latihan\\Modul 6\\praktikum-laravel\\vendor\\laravel\\framework\\src\\Illuminate\\Pipeline\\Pipeline.php(180): Illuminate\\Http\\Middleware\\TrustHosts->handle(Object(Illuminate\\Http\\Request), Object(Closure))
#34 D:\\Praktikum\\Pemrograman Web\\Latihan\\Modul 6\\praktikum-laravel\\vendor\\laravel\\framework\\src\\Illuminate\\Foundation\\Http\\Middleware\\VerifyCsrfToken.php(78): Illuminate\\Pipeline\\Pipeline->Illuminate\\Pipeline\\{closure}(Object(Illuminate\\Http\\Request))
#35 D:\\Praktikum\\Pemrograman Web\\Latihan\\Modul 6\\praktikum-laravel\\vendor\\laravel\\framework\\src\\Illuminate\\Pipeline\\Pipeline.php(180): Illuminate\\Foundation\\Http\\Middleware\\VerifyCsrfToken->handle(Object(Illuminate\\Http\\Request), Object(Closure))
#36 D:\\Praktikum\\Pemrograman Web\\Latihan\\Modul 6\\praktikum-laravel\\vendor\\laravel\\framework\\src\\Illuminate\\Pipeline\\Pipeline.php(116): Illuminate\\Pipeline\\Pipeline->Illuminate\\Pipeline\\{closure}(Object(Illuminate\\Http\\Request))
#37 D:\\Praktikum\\Pemrograman Web\\Latihan\\Modul 6\\praktikum-laravel\\vendor\\laravel\\framework\\src\\Illuminate\\Foundation\\Http\\Kernel.php(175): Illuminate\\Pipeline\\Pipeline->then(Object(Closure))
#38 D:\\Praktikum\\Pemrograman Web\\Latihan\\Modul 6\\praktikum-laravel\\vendor\\laravel\\framework\\src\\Illuminate\\Foundation\\Http\\Kernel.php(144): Illuminate\\Foundation\\Http\\Kernel->sendRequestThroughRouter(Object(Illuminate\\Http\\Request))
#39 D:\\Praktikum\\Pemrograman Web\\Latihan\\Modul 6\\praktikum-laravel\\public\\index.php(51): Illuminate\\Foundation\\Http\\Kernel->handle(Object(Illuminate\\Http\\Request))
#40 D:\\Praktikum\\Pemrograman Web\\Latihan\\Modul 6\\praktikum-laravel\\vendor\\laravel\\framework\\src\\Illuminate\\Foundation\\resources\\server.php(16): require_once('D:\\\\Praktikum\\\\Pe...')
#41 {main}
"} 
[2023-12-11 20:54:05] local.ERROR: Session store not set on request. {"exception":"[object] (RuntimeException(code: 0): Session store not set on request. at D:\\Praktikum\\Pemrograman Web\\Latihan\\Modul 6\\praktikum-laravel\\vendor\\laravel\\framework\\src\\Illuminate\\Http\\Request.php:560)
[stacktrace]
#0 D:\\Praktikum\\Pemrograman Web\\Latihan\\Modul 6\\praktikum-laravel\\vendor\\laravel\\framework\\src\\Illuminate\\Foundation\\Http\\Middleware\\VerifyCsrfToken.php(207): Illuminate\\Http\\Request->session()
#1 D:\\Praktikum\\Pemrograman Web\\Latihan\\Modul 6\\praktikum-laravel\\vendor\\laravel\\framework\\src\\Illuminate\\Foundation\\Http\\Middleware\\VerifyCsrfToken.php(191): Illuminate\\Foundation\\Http\\Middleware\\VerifyCsrfToken->newCookie(Object(Illuminate\\Http\\Request), Array)
#2 D:\\Praktikum\\Pemrograman Web\\Latihan\\Modul 6\\praktikum-laravel\\vendor\\laravel\\framework\\src\\Illuminate\\Foundation\\Http\\Middleware\\VerifyCsrfToken.php(80): Illuminate\\Foundation\\Http\\Middleware\\VerifyCsrfToken->addCookieToResponse(Object(Illuminate\\Http\\Request), Object(Illuminate\\Http\\Response))
#3 D:\\Praktikum\\Pemrograman Web\\Latihan\\Modul 6\\praktikum-laravel\\vendor\\laravel\\framework\\src\\Illuminate\\Support\\helpers.php(307): Illuminate\\Foundation\\Http\\Middleware\\VerifyCsrfToken->Illuminate\\Foundation\\Http\\Middleware\\{closure}(Object(Illuminate\\Http\\Response))
#4 D:\\Praktikum\\Pemrograman Web\\Latihan\\Modul 6\\praktikum-laravel\\vendor\\laravel\\framework\\src\\Illuminate\\Foundation\\Http\\Middleware\\VerifyCsrfToken.php(78): tap(Object(Illuminate\\Http\\Response), Object(Closure))
#5 D:\\Praktikum\\Pemrograman Web\\Latihan\\Modul 6\\praktikum-laravel\\vendor\\laravel\\framework\\src\\Illuminate\\Pipeline\\Pipeline.php(180): Illuminate\\Foundation\\Http\\Middleware\\VerifyCsrfToken->handle(Object(Illuminate\\Http\\Request), Object(Closure))
#6 D:\\Praktikum\\Pemrograman Web\\Latihan\\Modul 6\\praktikum-laravel\\vendor\\laravel\\framework\\src\\Illuminate\\Pipeline\\Pipeline.php(116): Illuminate\\Pipeline\\Pipeline->Illuminate\\Pipeline\\{closure}(Object(Illuminate\\Http\\Request))
#7 D:\\Praktikum\\Pemrograman Web\\Latihan\\Modul 6\\praktikum-laravel\\vendor\\laravel\\framework\\src\\Illuminate\\Routing\\Router.php(805): Illuminate\\Pipeline\\Pipeline->then(Object(Closure))
#8 D:\\Praktikum\\Pemrograman Web\\Latihan\\Modul 6\\praktikum-laravel\\vendor\\laravel\\framework\\src\\Illuminate\\Routing\\Router.php(784): Illuminate\\Routing\\Router->runRouteWithinStack(Object(Illuminate\\Routing\\Route), Object(Illuminate\\Http\\Request))
#9 D:\\Praktikum\\Pemrograman Web\\Latihan\\Modul 6\\praktikum-laravel\\vendor\\laravel\\framework\\src\\Illuminate\\Routing\\Router.php(748): Illuminate\\Routing\\Router->runRoute(Object(Illuminate\\Http\\Request), Object(Illuminate\\Routing\\Route))
#10 D:\\Praktikum\\Pemrograman Web\\Latihan\\Modul 6\\praktikum-laravel\\vendor\\laravel\\framework\\src\\Illuminate\\Routing\\Router.php(737): Illuminate\\Routing\\Router->dispatchToRoute(Object(Illuminate\\Http\\Request))
#11 D:\\Praktikum\\Pemrograman Web\\Latihan\\Modul 6\\praktikum-laravel\\vendor\\laravel\\framework\\src\\Illuminate\\Foundation\\Http\\Kernel.php(200): Illuminate\\Routing\\Router->dispatch(Object(Illuminate\\Http\\Request))
#12 D:\\Praktikum\\Pemrograman Web\\Latihan\\Modul 6\\praktikum-laravel\\vendor\\laravel\\framework\\src\\Illuminate\\Pipeline\\Pipeline.php(141): Illuminate\\Foundation\\Http\\Kernel->Illuminate\\Foundation\\Http\\{closure}(Object(Illuminate\\Http\\Request))
#13 D:\\Praktikum\\Pemrograman Web\\Latihan\\Modul 6\\praktikum-laravel\\vendor\\laravel\\framework\\src\\Illuminate\\Foundation\\Http\\Middleware\\TransformsRequest.php(21): Illuminate\\Pipeline\\Pipeline->Illuminate\\Pipeline\\{closure}(Object(Illuminate\\Http\\Request))
#14 D:\\Praktikum\\Pemrograman Web\\Latihan\\Modul 6\\praktikum-laravel\\vendor\\laravel\\framework\\src\\Illuminate\\Foundation\\Http\\Middleware\\ConvertEmptyStringsToNull.php(31): Illuminate\\Foundation\\Http\\Middleware\\TransformsRequest->handle(Object(Illuminate\\Http\\Request), Object(Closure))
#15 D:\\Praktikum\\Pemrograman Web\\Latihan\\Modul 6\\praktikum-laravel\\vendor\\laravel\\framework\\src\\Illuminate\\Pipeline\\Pipeline.php(180): Illuminate\\Foundation\\Http\\Middleware\\ConvertEmptyStringsToNull->handle(Object(Illuminate\\Http\\Request), Object(Closure))
#16 D:\\Praktikum\\Pemrograman Web\\Latihan\\Modul 6\\praktikum-laravel\\vendor\\laravel\\framework\\src\\Illuminate\\Foundation\\Http\\Middleware\\TransformsRequest.php(21): Illuminate\\Pipeline\\Pipeline->Illuminate\\Pipeline\\{closure}(Object(Illuminate\\Http\\Request))
#17 D:\\Praktikum\\Pemrograman Web\\Latihan\\Modul 6\\praktikum-laravel\\vendor\\laravel\\framework\\src\\Illuminate\\Foundation\\Http\\Middleware\\TrimStrings.php(40): Illuminate\\Foundation\\Http\\Middleware\\TransformsRequest->handle(Object(Illuminate\\Http\\Request), Object(Closure))
#18 D:\\Praktikum\\Pemrograman Web\\Latihan\\Modul 6\\praktikum-laravel\\vendor\\laravel\\framework\\src\\Illuminate\\Pipeline\\Pipeline.php(180): Illuminate\\Foundation\\Http\\Middleware\\TrimStrings->handle(Object(Illuminate\\Http\\Request), Object(Closure))
#19 D:\\Praktikum\\Pemrograman Web\\Latihan\\Modul 6\\praktikum-laravel\\vendor\\laravel\\framework\\src\\Illuminate\\Foundation\\Http\\Middleware\\ValidatePostSize.php(27): Illuminate\\Pipeline\\Pipeline->Illuminate\\Pipeline\\{closure}(Object(Illuminate\\Http\\Request))
#20 D:\\Praktikum\\Pemrograman Web\\Latihan\\Modul 6\\praktikum-laravel\\vendor\\laravel\\framework\\src\\Illuminate\\Pipeline\\Pipeline.php(180): Illuminate\\Foundation\\Http\\Middleware\\ValidatePostSize->handle(Object(Illuminate\\Http\\Request), Object(Closure))
#21 D:\\Praktikum\\Pemrograman Web\\Latihan\\Modul 6\\praktikum-laravel\\vendor\\laravel\\framework\\src\\Illuminate\\Foundation\\Http\\Middleware\\PreventRequestsDuringMaintenance.php(99): Illuminate\\Pipeline\\Pipeline->Illuminate\\Pipeline\\{closure}(Object(Illuminate\\Http\\Request))
#22 D:\\Praktikum\\Pemrograman Web\\Latihan\\Modul 6\\praktikum-laravel\\vendor\\laravel\\framework\\src\\Illuminate\\Pipeline\\Pipeline.php(180): Illuminate\\Foundation\\Http\\Middleware\\PreventRequestsDuringMaintenance->handle(Object(Illuminate\\Http\\Request), Object(Closure))
#23 D:\\Praktikum\\Pemrograman Web\\Latihan\\Modul 6\\praktikum-laravel\\vendor\\laravel\\framework\\src\\Illuminate\\Http\\Middleware\\HandleCors.php(62): Illuminate\\Pipeline\\Pipeline->Illuminate\\Pipeline\\{closure}(Object(Illuminate\\Http\\Request))
#24 D:\\Praktikum\\Pemrograman Web\\Latihan\\Modul 6\\praktikum-laravel\\vendor\\laravel\\framework\\src\\Illuminate\\Pipeline\\Pipeline.php(180): Illuminate\\Http\\Middleware\\HandleCors->handle(Object(Illuminate\\Http\\Request), Object(Closure))
#25 D:\\Praktikum\\Pemrograman Web\\Latihan\\Modul 6\\praktikum-laravel\\vendor\\laravel\\framework\\src\\Illuminate\\Http\\Middleware\\TrustProxies.php(39): Illuminate\\Pipeline\\Pipeline->Illuminate\\Pipeline\\{closure}(Object(Illuminate\\Http\\Request))
#26 D:\\Praktikum\\Pemrograman Web\\Latihan\\Modul 6\\praktikum-laravel\\vendor\\laravel\\framework\\src\\Illuminate\\Pipeline\\Pipeline.php(180): Illuminate\\Http\\Middleware\\TrustProxies->handle(Object(Illuminate\\Http\\Request), Object(Closure))
#27 D:\\Praktikum\\Pemrograman Web\\Latihan\\Modul 6\\praktikum-laravel\\vendor\\laravel\\framework\\src\\Illuminate\\Http\\Middleware\\TrustHosts.php(48): Illuminate\\Pipeline\\Pipeline->Illuminate\\Pipeline\\{closure}(Object(Illuminate\\Http\\Request))
#28 D:\\Praktikum\\Pemrograman Web\\Latihan\\Modul 6\\praktikum-laravel\\vendor\\laravel\\framework\\src\\Illuminate\\Pipeline\\Pipeline.php(180): Illuminate\\Http\\Middleware\\TrustHosts->handle(Object(Illuminate\\Http\\Request), Object(Closure))
#29 D:\\Praktikum\\Pemrograman Web\\Latihan\\Modul 6\\praktikum-laravel\\vendor\\laravel\\framework\\src\\Illuminate\\Foundation\\Http\\Middleware\\VerifyCsrfToken.php(78): Illuminate\\Pipeline\\Pipeline->Illuminate\\Pipeline\\{closure}(Object(Illuminate\\Http\\Request))
#30 D:\\Praktikum\\Pemrograman Web\\Latihan\\Modul 6\\praktikum-laravel\\vendor\\laravel\\framework\\src\\Illuminate\\Pipeline\\Pipeline.php(180): Illuminate\\Foundation\\Http\\Middleware\\VerifyCsrfToken->handle(Object(Illuminate\\Http\\Request), Object(Closure))
#31 D:\\Praktikum\\Pemrograman Web\\Latihan\\Modul 6\\praktikum-laravel\\vendor\\laravel\\framework\\src\\Illuminate\\Pipeline\\Pipeline.php(116): Illuminate\\Pipeline\\Pipeline->Illuminate\\Pipeline\\{closure}(Object(Illuminate\\Http\\Request))
#32 D:\\Praktikum\\Pemrograman Web\\Latihan\\Modul 6\\praktikum-laravel\\vendor\\laravel\\framework\\src\\Illuminate\\Foundation\\Http\\Kernel.php(175): Illuminate\\Pipeline\\Pipeline->then(Object(Closure))
#33 D:\\Praktikum\\Pemrograman Web\\Latihan\\Modul 6\\praktikum-laravel\\vendor\\laravel\\framework\\src\\Illuminate\\Foundation\\Http\\Kernel.php(144): Illuminate\\Foundation\\Http\\Kernel->sendRequestThroughRouter(Object(Illuminate\\Http\\Request))
#34 D:\\Praktikum\\Pemrograman Web\\Latihan\\Modul 6\\praktikum-laravel\\public\\index.php(51): Illuminate\\Foundation\\Http\\Kernel->handle(Object(Illuminate\\Http\\Request))
#35 D:\\Praktikum\\Pemrograman Web\\Latihan\\Modul 6\\praktikum-laravel\\vendor\\laravel\\framework\\src\\Illuminate\\Foundation\\resources\\server.php(16): require_once('D:\\\\Praktikum\\\\Pe...')
#36 {main}
"} 
[2023-12-11 20:54:05] local.ERROR: Session store not set on request. {"exception":"[object] (RuntimeException(code: 0): Session store not set on request. at D:\\Praktikum\\Pemrograman Web\\Latihan\\Modul 6\\praktikum-laravel\\vendor\\laravel\\framework\\src\\Illuminate\\Http\\Request.php:560)
[stacktrace]
#0 D:\\Praktikum\\Pemrograman Web\\Latihan\\Modul 6\\praktikum-laravel\\vendor\\laravel\\framework\\src\\Illuminate\\Foundation\\Http\\Middleware\\VerifyCsrfToken.php(207): Illuminate\\Http\\Request->session()
#1 D:\\Praktikum\\Pemrograman Web\\Latihan\\Modul 6\\praktikum-laravel\\vendor\\laravel\\framework\\src\\Illuminate\\Foundation\\Http\\Middleware\\VerifyCsrfToken.php(191): Illuminate\\Foundation\\Http\\Middleware\\VerifyCsrfToken->newCookie(Object(Illuminate\\Http\\Request), Array)
#2 D:\\Praktikum\\Pemrograman Web\\Latihan\\Modul 6\\praktikum-laravel\\vendor\\laravel\\framework\\src\\Illuminate\\Foundation\\Http\\Middleware\\VerifyCsrfToken.php(80): Illuminate\\Foundation\\Http\\Middleware\\VerifyCsrfToken->addCookieToResponse(Object(Illuminate\\Http\\Request), Object(Illuminate\\Http\\Response))
#3 D:\\Praktikum\\Pemrograman Web\\Latihan\\Modul 6\\praktikum-laravel\\vendor\\laravel\\framework\\src\\Illuminate\\Support\\helpers.php(307): Illuminate\\Foundation\\Http\\Middleware\\VerifyCsrfToken->Illuminate\\Foundation\\Http\\Middleware\\{closure}(Object(Illuminate\\Http\\Response))
#4 D:\\Praktikum\\Pemrograman Web\\Latihan\\Modul 6\\praktikum-laravel\\vendor\\laravel\\framework\\src\\Illuminate\\Foundation\\Http\\Middleware\\VerifyCsrfToken.php(78): tap(Object(Illuminate\\Http\\Response), Object(Closure))
#5 D:\\Praktikum\\Pemrograman Web\\Latihan\\Modul 6\\praktikum-laravel\\vendor\\laravel\\framework\\src\\Illuminate\\Pipeline\\Pipeline.php(180): Illuminate\\Foundation\\Http\\Middleware\\VerifyCsrfToken->handle(Object(Illuminate\\Http\\Request), Object(Closure))
#6 D:\\Praktikum\\Pemrograman Web\\Latihan\\Modul 6\\praktikum-laravel\\vendor\\laravel\\framework\\src\\Illuminate\\Pipeline\\Pipeline.php(116): Illuminate\\Pipeline\\Pipeline->Illuminate\\Pipeline\\{closure}(Object(Illuminate\\Http\\Request))
#7 D:\\Praktikum\\Pemrograman Web\\Latihan\\Modul 6\\praktikum-laravel\\vendor\\laravel\\framework\\src\\Illuminate\\Foundation\\Http\\Kernel.php(175): Illuminate\\Pipeline\\Pipeline->then(Object(Closure))
#8 D:\\Praktikum\\Pemrograman Web\\Latihan\\Modul 6\\praktikum-laravel\\vendor\\laravel\\framework\\src\\Illuminate\\Foundation\\Http\\Kernel.php(144): Illuminate\\Foundation\\Http\\Kernel->sendRequestThroughRouter(Object(Illuminate\\Http\\Request))
#9 D:\\Praktikum\\Pemrograman Web\\Latihan\\Modul 6\\praktikum-laravel\\public\\index.php(51): Illuminate\\Foundation\\Http\\Kernel->handle(Object(Illuminate\\Http\\Request))
#10 D:\\Praktikum\\Pemrograman Web\\Latihan\\Modul 6\\praktikum-laravel\\vendor\\laravel\\framework\\src\\Illuminate\\Foundation\\resources\\server.php(16): require_once('D:\\\\Praktikum\\\\Pe...')
#11 {main}
"} 
[2023-12-11 20:54:43] local.ERROR: Session store not set on request. {"exception":"[object] (RuntimeException(code: 0): Session store not set on request. at D:\\Praktikum\\Pemrograman Web\\Latihan\\Modul 6\\praktikum-laravel\\vendor\\laravel\\framework\\src\\Illuminate\\Http\\Request.php:560)
[stacktrace]
#0 D:\\Praktikum\\Pemrograman Web\\Latihan\\Modul 6\\praktikum-laravel\\vendor\\laravel\\framework\\src\\Illuminate\\Foundation\\Http\\Middleware\\VerifyCsrfToken.php(207): Illuminate\\Http\\Request->session()
#1 D:\\Praktikum\\Pemrograman Web\\Latihan\\Modul 6\\praktikum-laravel\\vendor\\laravel\\framework\\src\\Illuminate\\Foundation\\Http\\Middleware\\VerifyCsrfToken.php(191): Illuminate\\Foundation\\Http\\Middleware\\VerifyCsrfToken->newCookie(Object(Illuminate\\Http\\Request), Array)
#2 D:\\Praktikum\\Pemrograman Web\\Latihan\\Modul 6\\praktikum-laravel\\vendor\\laravel\\framework\\src\\Illuminate\\Foundation\\Http\\Middleware\\VerifyCsrfToken.php(80): Illuminate\\Foundation\\Http\\Middleware\\VerifyCsrfToken->addCookieToResponse(Object(Illuminate\\Http\\Request), Object(Illuminate\\Http\\Response))
#3 D:\\Praktikum\\Pemrograman Web\\Latihan\\Modul 6\\praktikum-laravel\\vendor\\laravel\\framework\\src\\Illuminate\\Support\\helpers.php(307): Illuminate\\Foundation\\Http\\Middleware\\VerifyCsrfToken->Illuminate\\Foundation\\Http\\Middleware\\{closure}(Object(Illuminate\\Http\\Response))
#4 D:\\Praktikum\\Pemrograman Web\\Latihan\\Modul 6\\praktikum-laravel\\vendor\\laravel\\framework\\src\\Illuminate\\Foundation\\Http\\Middleware\\VerifyCsrfToken.php(78): tap(Object(Illuminate\\Http\\Response), Object(Closure))
#5 D:\\Praktikum\\Pemrograman Web\\Latihan\\Modul 6\\praktikum-laravel\\vendor\\laravel\\framework\\src\\Illuminate\\Pipeline\\Pipeline.php(180): Illuminate\\Foundation\\Http\\Middleware\\VerifyCsrfToken->handle(Object(Illuminate\\Http\\Request), Object(Closure))
#6 D:\\Praktikum\\Pemrograman Web\\Latihan\\Modul 6\\praktikum-laravel\\vendor\\laravel\\framework\\src\\Illuminate\\Pipeline\\Pipeline.php(116): Illuminate\\Pipeline\\Pipeline->Illuminate\\Pipeline\\{closure}(Object(Illuminate\\Http\\Request))
#7 D:\\Praktikum\\Pemrograman Web\\Latihan\\Modul 6\\praktikum-laravel\\vendor\\laravel\\framework\\src\\Illuminate\\Foundation\\Http\\Kernel.php(175): Illuminate\\Pipeline\\Pipeline->then(Object(Closure))
#8 D:\\Praktikum\\Pemrograman Web\\Latihan\\Modul 6\\praktikum-laravel\\vendor\\laravel\\framework\\src\\Illuminate\\Foundation\\Http\\Kernel.php(144): Illuminate\\Foundation\\Http\\Kernel->sendRequestThroughRouter(Object(Illuminate\\Http\\Request))
#9 D:\\Praktikum\\Pemrograman Web\\Latihan\\Modul 6\\praktikum-laravel\\public\\index.php(51): Illuminate\\Foundation\\Http\\Kernel->handle(Object(Illuminate\\Http\\Request))
#10 D:\\Praktikum\\Pemrograman Web\\Latihan\\Modul 6\\praktikum-laravel\\vendor\\laravel\\framework\\src\\Illuminate\\Foundation\\resources\\server.php(16): require_once('D:\\\\Praktikum\\\\Pe...')
#11 {main}
"} 
[2023-12-11 20:55:30] local.ERROR: Session store not set on request. {"exception":"[object] (RuntimeException(code: 0): Session store not set on request. at D:\\Praktikum\\Pemrograman Web\\Latihan\\Modul 6\\praktikum-laravel\\vendor\\laravel\\framework\\src\\Illuminate\\Http\\Request.php:560)
[stacktrace]
#0 D:\\Praktikum\\Pemrograman Web\\Latihan\\Modul 6\\praktikum-laravel\\vendor\\laravel\\framework\\src\\Illuminate\\Foundation\\Http\\Middleware\\VerifyCsrfToken.php(207): Illuminate\\Http\\Request->session()
#1 D:\\Praktikum\\Pemrograman Web\\Latihan\\Modul 6\\praktikum-laravel\\vendor\\laravel\\framework\\src\\Illuminate\\Foundation\\Http\\Middleware\\VerifyCsrfToken.php(191): Illuminate\\Foundation\\Http\\Middleware\\VerifyCsrfToken->newCookie(Object(Illuminate\\Http\\Request), Array)
#2 D:\\Praktikum\\Pemrograman Web\\Latihan\\Modul 6\\praktikum-laravel\\vendor\\laravel\\framework\\src\\Illuminate\\Foundation\\Http\\Middleware\\VerifyCsrfToken.php(80): Illuminate\\Foundation\\Http\\Middleware\\VerifyCsrfToken->addCookieToResponse(Object(Illuminate\\Http\\Request), Object(Illuminate\\Http\\Response))
#3 D:\\Praktikum\\Pemrograman Web\\Latihan\\Modul 6\\praktikum-laravel\\vendor\\laravel\\framework\\src\\Illuminate\\Support\\helpers.php(307): Illuminate\\Foundation\\Http\\Middleware\\VerifyCsrfToken->Illuminate\\Foundation\\Http\\Middleware\\{closure}(Object(Illuminate\\Http\\Response))
#4 D:\\Praktikum\\Pemrograman Web\\Latihan\\Modul 6\\praktikum-laravel\\vendor\\laravel\\framework\\src\\Illuminate\\Foundation\\Http\\Middleware\\VerifyCsrfToken.php(78): tap(Object(Illuminate\\Http\\Response), Object(Closure))
#5 D:\\Praktikum\\Pemrograman Web\\Latihan\\Modul 6\\praktikum-laravel\\vendor\\laravel\\framework\\src\\Illuminate\\Pipeline\\Pipeline.php(180): Illuminate\\Foundation\\Http\\Middleware\\VerifyCsrfToken->handle(Object(Illuminate\\Http\\Request), Object(Closure))
#6 D:\\Praktikum\\Pemrograman Web\\Latihan\\Modul 6\\praktikum-laravel\\vendor\\laravel\\framework\\src\\Illuminate\\Pipeline\\Pipeline.php(116): Illuminate\\Pipeline\\Pipeline->Illuminate\\Pipeline\\{closure}(Object(Illuminate\\Http\\Request))
#7 D:\\Praktikum\\Pemrograman Web\\Latihan\\Modul 6\\praktikum-laravel\\vendor\\laravel\\framework\\src\\Illuminate\\Foundation\\Http\\Kernel.php(175): Illuminate\\Pipeline\\Pipeline->then(Object(Closure))
#8 D:\\Praktikum\\Pemrograman Web\\Latihan\\Modul 6\\praktikum-laravel\\vendor\\laravel\\framework\\src\\Illuminate\\Foundation\\Http\\Kernel.php(144): Illuminate\\Foundation\\Http\\Kernel->sendRequestThroughRouter(Object(Illuminate\\Http\\Request))
#9 D:\\Praktikum\\Pemrograman Web\\Latihan\\Modul 6\\praktikum-laravel\\public\\index.php(51): Illuminate\\Foundation\\Http\\Kernel->handle(Object(Illuminate\\Http\\Request))
#10 D:\\Praktikum\\Pemrograman Web\\Latihan\\Modul 6\\praktikum-laravel\\vendor\\laravel\\framework\\src\\Illuminate\\Foundation\\resources\\server.php(16): require_once('D:\\\\Praktikum\\\\Pe...')
#11 {main}
"} 
[2023-12-11 20:56:06] local.ERROR: Auth guard [api] is not defined. {"exception":"[object] (InvalidArgumentException(code: 0): Auth guard [api] is not defined. at D:\\Praktikum\\Pemrograman Web\\Latihan\\Modul 6\\praktikum-laravel\\vendor\\laravel\\framework\\src\\Illuminate\\Auth\\AuthManager.php:86)
[stacktrace]
#0 D:\\Praktikum\\Pemrograman Web\\Latihan\\Modul 6\\praktikum-laravel\\vendor\\laravel\\framework\\src\\Illuminate\\Auth\\AuthManager.php(70): Illuminate\\Auth\\AuthManager->resolve('api')
#1 D:\\Praktikum\\Pemrograman Web\\Latihan\\Modul 6\\praktikum-laravel\\vendor\\laravel\\framework\\src\\Illuminate\\Auth\\Middleware\\Authenticate.php(76): Illuminate\\Auth\\AuthManager->guard('api')
#2 D:\\Praktikum\\Pemrograman Web\\Latihan\\Modul 6\\praktikum-laravel\\vendor\\laravel\\framework\\src\\Illuminate\\Auth\\Middleware\\Authenticate.php(55): Illuminate\\Auth\\Middleware\\Authenticate->authenticate(Object(Illuminate\\Http\\Request), Array)
#3 D:\\Praktikum\\Pemrograman Web\\Latihan\\Modul 6\\praktikum-laravel\\vendor\\laravel\\framework\\src\\Illuminate\\Pipeline\\Pipeline.php(180): Illuminate\\Auth\\Middleware\\Authenticate->handle(Object(Illuminate\\Http\\Request), Object(Closure), 'api')
#4 D:\\Praktikum\\Pemrograman Web\\Latihan\\Modul 6\\praktikum-laravel\\vendor\\laravel\\framework\\src\\Illuminate\\Pipeline\\Pipeline.php(116): Illuminate\\Pipeline\\Pipeline->Illuminate\\Pipeline\\{closure}(Object(Illuminate\\Http\\Request))
#5 D:\\Praktikum\\Pemrograman Web\\Latihan\\Modul 6\\praktikum-laravel\\vendor\\laravel\\framework\\src\\Illuminate\\Routing\\Router.php(805): Illuminate\\Pipeline\\Pipeline->then(Object(Closure))
#6 D:\\Praktikum\\Pemrograman Web\\Latihan\\Modul 6\\praktikum-laravel\\vendor\\laravel\\framework\\src\\Illuminate\\Routing\\Router.php(784): Illuminate\\Routing\\Router->runRouteWithinStack(Object(Illuminate\\Routing\\Route), Object(Illuminate\\Http\\Request))
#7 D:\\Praktikum\\Pemrograman Web\\Latihan\\Modul 6\\praktikum-laravel\\vendor\\laravel\\framework\\src\\Illuminate\\Routing\\Router.php(748): Illuminate\\Routing\\Router->runRoute(Object(Illuminate\\Http\\Request), Object(Illuminate\\Routing\\Route))
#8 D:\\Praktikum\\Pemrograman Web\\Latihan\\Modul 6\\praktikum-laravel\\vendor\\laravel\\framework\\src\\Illuminate\\Routing\\Router.php(737): Illuminate\\Routing\\Router->dispatchToRoute(Object(Illuminate\\Http\\Request))
#9 D:\\Praktikum\\Pemrograman Web\\Latihan\\Modul 6\\praktikum-laravel\\vendor\\laravel\\framework\\src\\Illuminate\\Foundation\\Http\\Kernel.php(200): Illuminate\\Routing\\Router->dispatch(Object(Illuminate\\Http\\Request))
#10 D:\\Praktikum\\Pemrograman Web\\Latihan\\Modul 6\\praktikum-laravel\\vendor\\laravel\\framework\\src\\Illuminate\\Pipeline\\Pipeline.php(141): Illuminate\\Foundation\\Http\\Kernel->Illuminate\\Foundation\\Http\\{closure}(Object(Illuminate\\Http\\Request))
#11 D:\\Praktikum\\Pemrograman Web\\Latihan\\Modul 6\\praktikum-laravel\\vendor\\laravel\\framework\\src\\Illuminate\\Foundation\\Http\\Middleware\\TransformsRequest.php(21): Illuminate\\Pipeline\\Pipeline->Illuminate\\Pipeline\\{closure}(Object(Illuminate\\Http\\Request))
#12 D:\\Praktikum\\Pemrograman Web\\Latihan\\Modul 6\\praktikum-laravel\\vendor\\laravel\\framework\\src\\Illuminate\\Foundation\\Http\\Middleware\\ConvertEmptyStringsToNull.php(31): Illuminate\\Foundation\\Http\\Middleware\\TransformsRequest->handle(Object(Illuminate\\Http\\Request), Object(Closure))
#13 D:\\Praktikum\\Pemrograman Web\\Latihan\\Modul 6\\praktikum-laravel\\vendor\\laravel\\framework\\src\\Illuminate\\Pipeline\\Pipeline.php(180): Illuminate\\Foundation\\Http\\Middleware\\ConvertEmptyStringsToNull->handle(Object(Illuminate\\Http\\Request), Object(Closure))
#14 D:\\Praktikum\\Pemrograman Web\\Latihan\\Modul 6\\praktikum-laravel\\vendor\\laravel\\framework\\src\\Illuminate\\Foundation\\Http\\Middleware\\TransformsRequest.php(21): Illuminate\\Pipeline\\Pipeline->Illuminate\\Pipeline\\{closure}(Object(Illuminate\\Http\\Request))
#15 D:\\Praktikum\\Pemrograman Web\\Latihan\\Modul 6\\praktikum-laravel\\vendor\\laravel\\framework\\src\\Illuminate\\Foundation\\Http\\Middleware\\TrimStrings.php(40): Illuminate\\Foundation\\Http\\Middleware\\TransformsRequest->handle(Object(Illuminate\\Http\\Request), Object(Closure))
#16 D:\\Praktikum\\Pemrograman Web\\Latihan\\Modul 6\\praktikum-laravel\\vendor\\laravel\\framework\\src\\Illuminate\\Pipeline\\Pipeline.php(180): Illuminate\\Foundation\\Http\\Middleware\\TrimStrings->handle(Object(Illuminate\\Http\\Request), Object(Closure))
#17 D:\\Praktikum\\Pemrograman Web\\Latihan\\Modul 6\\praktikum-laravel\\vendor\\laravel\\framework\\src\\Illuminate\\Foundation\\Http\\Middleware\\ValidatePostSize.php(27): Illuminate\\Pipeline\\Pipeline->Illuminate\\Pipeline\\{closure}(Object(Illuminate\\Http\\Request))
#18 D:\\Praktikum\\Pemrograman Web\\Latihan\\Modul 6\\praktikum-laravel\\vendor\\laravel\\framework\\src\\Illuminate\\Pipeline\\Pipeline.php(180): Illuminate\\Foundation\\Http\\Middleware\\ValidatePostSize->handle(Object(Illuminate\\Http\\Request), Object(Closure))
#19 D:\\Praktikum\\Pemrograman Web\\Latihan\\Modul 6\\praktikum-laravel\\vendor\\laravel\\framework\\src\\Illuminate\\Foundation\\Http\\Middleware\\PreventRequestsDuringMaintenance.php(99): Illuminate\\Pipeline\\Pipeline->Illuminate\\Pipeline\\{closure}(Object(Illuminate\\Http\\Request))
#20 D:\\Praktikum\\Pemrograman Web\\Latihan\\Modul 6\\praktikum-laravel\\vendor\\laravel\\framework\\src\\Illuminate\\Pipeline\\Pipeline.php(180): Illuminate\\Foundation\\Http\\Middleware\\PreventRequestsDuringMaintenance->handle(Object(Illuminate\\Http\\Request), Object(Closure))
#21 D:\\Praktikum\\Pemrograman Web\\Latihan\\Modul 6\\praktikum-laravel\\vendor\\laravel\\framework\\src\\Illuminate\\Http\\Middleware\\HandleCors.php(62): Illuminate\\Pipeline\\Pipeline->Illuminate\\Pipeline\\{closure}(Object(Illuminate\\Http\\Request))
#22 D:\\Praktikum\\Pemrograman Web\\Latihan\\Modul 6\\praktikum-laravel\\vendor\\laravel\\framework\\src\\Illuminate\\Pipeline\\Pipeline.php(180): Illuminate\\Http\\Middleware\\HandleCors->handle(Object(Illuminate\\Http\\Request), Object(Closure))
#23 D:\\Praktikum\\Pemrograman Web\\Latihan\\Modul 6\\praktikum-laravel\\vendor\\laravel\\framework\\src\\Illuminate\\Http\\Middleware\\TrustProxies.php(39): Illuminate\\Pipeline\\Pipeline->Illuminate\\Pipeline\\{closure}(Object(Illuminate\\Http\\Request))
#24 D:\\Praktikum\\Pemrograman Web\\Latihan\\Modul 6\\praktikum-laravel\\vendor\\laravel\\framework\\src\\Illuminate\\Pipeline\\Pipeline.php(180): Illuminate\\Http\\Middleware\\TrustProxies->handle(Object(Illuminate\\Http\\Request), Object(Closure))
#25 D:\\Praktikum\\Pemrograman Web\\Latihan\\Modul 6\\praktikum-laravel\\vendor\\laravel\\framework\\src\\Illuminate\\Pipeline\\Pipeline.php(116): Illuminate\\Pipeline\\Pipeline->Illuminate\\Pipeline\\{closure}(Object(Illuminate\\Http\\Request))
#26 D:\\Praktikum\\Pemrograman Web\\Latihan\\Modul 6\\praktikum-laravel\\vendor\\laravel\\framework\\src\\Illuminate\\Foundation\\Http\\Kernel.php(175): Illuminate\\Pipeline\\Pipeline->then(Object(Closure))
#27 D:\\Praktikum\\Pemrograman Web\\Latihan\\Modul 6\\praktikum-laravel\\vendor\\laravel\\framework\\src\\Illuminate\\Foundation\\Http\\Kernel.php(144): Illuminate\\Foundation\\Http\\Kernel->sendRequestThroughRouter(Object(Illuminate\\Http\\Request))
#28 D:\\Praktikum\\Pemrograman Web\\Latihan\\Modul 6\\praktikum-laravel\\public\\index.php(51): Illuminate\\Foundation\\Http\\Kernel->handle(Object(Illuminate\\Http\\Request))
#29 D:\\Praktikum\\Pemrograman Web\\Latihan\\Modul 6\\praktikum-laravel\\vendor\\laravel\\framework\\src\\Illuminate\\Foundation\\resources\\server.php(16): require_once('D:\\\\Praktikum\\\\Pe...')
#30 {main}
"} 
